Compiling contracts in ./02_advanced_solidity/04_building_an_oracle_part_02_javascript_component/01_setting_up/EthPriceOracle/oracle

up to date, audited 1053 packages in 34s

108 packages are looking for funding
  run `npm fund` for details

31 vulnerabilities (1 low, 23 moderate, 2 high, 5 critical)

To address issues that do not require attention, run:
  npm audit fix

To address all issues (including breaking changes), run:
  npm audit fix --force

Run `npm audit` for details.
Compiling contracts in ./02_advanced_solidity/04_building_an_oracle_part_02_javascript_component/01_setting_up/EthPriceOracle/caller

up to date, audited 1053 packages in 2s

108 packages are looking for funding
  run `npm fund` for details

31 vulnerabilities (1 low, 23 moderate, 2 high, 5 critical)

To address issues that do not require attention, run:
  npm audit fix

To address all issues (including breaking changes), run:
  npm audit fix --force

Run `npm audit` for details.
Compiling contracts in ./02_advanced_solidity/01_deploying_dapps_with_truffle/CryptoZombies

up to date, audited 542 packages in 9s

55 packages are looking for funding
  run `npm fund` for details

42 vulnerabilities (2 low, 11 moderate, 3 high, 26 critical)

To address issues that do not require attention, run:
  npm audit fix

To address all issues (including breaking changes), run:
  npm audit fix --force

Run `npm audit` for details.
project:/contracts/erc721.sol:4:1: TypeError: Contract "ERC721" should be marked as abstract.
contract ERC721 {
^ (Relevant source part starts here and spans across multiple lines).
project:/contracts/erc721.sol:26:5: Missing implementation: 
    function approve(address _approved, uint256 _tokenId) external payable;
    ^---------------------------------------------------------------------^
project:/contracts/erc721.sol:16:5: Missing implementation: 
    function balanceOf(address _owner) external view returns (uint256);
    ^-----------------------------------------------------------------^
project:/contracts/erc721.sol:18:5: Missing implementation: 
    function ownerOf(uint256 _tokenId) external view returns (address);
    ^-----------------------------------------------------------------^
project:/contracts/erc721.sol:20:5: Missing implementation: 
    function transferFrom(
    ^ (Relevant source part starts here and spans across multiple lines).
,project:/contracts/zombieownership.sol:20:5: TypeError: Overriding function is missing "override" specifier.
    function balanceOf(address _owner) external view returns (uint256) {
    ^ (Relevant source part starts here and spans across multiple lines).
project:/contracts/erc721.sol:16:5: Overridden function is here:
    function balanceOf(address _owner) external view returns (uint256);
    ^-----------------------------------------------------------------^
,project:/contracts/erc721.sol:16:5: TypeError: Trying to override non-virtual function. Did you forget to add "virtual"?
    function balanceOf(address _owner) external view returns (uint256);
    ^-----------------------------------------------------------------^
project:/contracts/zombieownership.sol:20:5: Overriding function is here:
    function balanceOf(address _owner) external view returns (uint256) {
    ^ (Relevant source part starts here and spans across multiple lines).
,project:/contracts/zombieownership.sol:25:5: TypeError: Overriding function is missing "override" specifier.
    function ownerOf(uint256 _tokenId) external view returns (address) {
    ^ (Relevant source part starts here and spans across multiple lines).
project:/contracts/erc721.sol:18:5: Overridden function is here:
    function ownerOf(uint256 _tokenId) external view returns (address);
    ^-----------------------------------------------------------------^
,project:/contracts/erc721.sol:18:5: TypeError: Trying to override non-virtual function. Did you forget to add "virtual"?
    function ownerOf(uint256 _tokenId) external view returns (address);
    ^-----------------------------------------------------------------^
project:/contracts/zombieownership.sol:25:5: Overriding function is here:
    function ownerOf(uint256 _tokenId) external view returns (address) {
    ^ (Relevant source part starts here and spans across multiple lines).
,project:/contracts/zombieownership.sol:36:5: TypeError: Overriding function is missing "override" specifier.
    function transferFrom(
    ^ (Relevant source part starts here and spans across multiple lines).
project:/contracts/erc721.sol:20:5: Overridden function is here:
    function transferFrom(
    ^ (Relevant source part starts here and spans across multiple lines).
,project:/contracts/erc721.sol:20:5: TypeError: Trying to override non-virtual function. Did you forget to add "virtual"?
    function transferFrom(
    ^ (Relevant source part starts here and spans across multiple lines).
project:/contracts/zombieownership.sol:36:5: Overriding function is here:
    function transferFrom(
    ^ (Relevant source part starts here and spans across multiple lines).
,project:/contracts/zombieownership.sol:48:5: TypeError: Overriding function is missing "override" specifier.
    function approve(
    ^ (Relevant source part starts here and spans across multiple lines).
project:/contracts/erc721.sol:26:5: Overridden function is here:
    function approve(address _approved, uint256 _tokenId) external payable;
    ^---------------------------------------------------------------------^
,project:/contracts/erc721.sol:26:5: TypeError: Trying to override non-virtual function. Did you forget to add "virtual"?
    function approve(address _approved, uint256 _tokenId) external payable;
    ^---------------------------------------------------------------------^
project:/contracts/zombieownership.sol:48:5: Overriding function is here:
    function approve(
    ^ (Relevant source part starts here and spans across multiple lines).
,project:/contracts/ownable.sol:21:3: DeclarationError: Non-abstract contracts cannot have internal constructors. Remove the "internal" keyword and make the contract abstract to fix this.
  constructor() internal {
  ^ (Relevant source part starts here and spans across multiple lines).
,project:/contracts/zombiefactory.sol:48:19: TypeError: Operator - not compatible with types tuple() and int_const 1
        uint id = zombies.push(
                  ^ (Relevant source part starts here and spans across multiple lines).
,project:/contracts/zombiefactory.sol:48:9: TypeError: Different number of components on the left hand side (1) than on the right hand side (0).
        uint id = zombies.push(
        ^ (Relevant source part starts here and spans across multiple lines).
,project:/contracts/zombieattack.sol:15:21: TypeError: Member "add" not found or not visible after argument-dependent lookup in uint256.
        randNonce = randNonce.add(1);
                    ^-----------^

[31mCompilation failed. See above.[39m
Truffle v5.11.2 (core: 5.11.2)
Node v18.16.0
Compiling contracts in ./02_advanced_solidity/02_testing_contracts_with_truffle/CryptoZombies

up to date, audited 556 packages in 1s

55 packages are looking for funding
  run `npm fund` for details

42 vulnerabilities (2 low, 11 moderate, 3 high, 26 critical)

To address issues that do not require attention, run:
  npm audit fix

To address all issues (including breaking changes), run:
  npm audit fix --force

Run `npm audit` for details.
project:/contracts/zombiehelper.sol:18:17: ParserError: Expected ';' but got 'payable'
        address payable _owner = address(uint160(owner()));
                ^-----^

[31mCompilation failed. See above.[39m
Truffle v5.11.2 (core: 5.11.2)
Node v18.16.0
Compiling contracts in ./02_advanced_solidity/03_building_an_oracle_part_01/10_function_def_set_latest_price/EthPriceOracle/oracle

up to date, audited 1053 packages in 2s

108 packages are looking for funding
  run `npm fund` for details

31 vulnerabilities (1 low, 23 moderate, 2 high, 5 critical)

To address issues that do not require attention, run:
  npm audit fix

To address all issues (including breaking changes), run:
  npm audit fix --force

Run `npm audit` for details.
Compiling contracts in ./02_advanced_solidity/03_building_an_oracle_part_01/10_function_def_set_latest_price/EthPriceOracle/caller

up to date, audited 1053 packages in 2s

108 packages are looking for funding
  run `npm fund` for details

31 vulnerabilities (1 low, 23 moderate, 2 high, 5 critical)

To address issues that do not require attention, run:
  npm audit fix

To address all issues (including breaking changes), run:
  npm audit fix --force

Run `npm audit` for details.
Compiling contracts in ./02_advanced_solidity/03_building_an_oracle_part_01/03_calling_other_contract_interface/EthPriceOracle/oracle

up to date, audited 1049 packages in 2s

107 packages are looking for funding
  run `npm fund` for details

31 vulnerabilities (1 low, 23 moderate, 2 high, 5 critical)

To address issues that do not require attention, run:
  npm audit fix

To address all issues (including breaking changes), run:
  npm audit fix --force

Run `npm audit` for details.
Compiling contracts in ./02_advanced_solidity/03_building_an_oracle_part_01/03_calling_other_contract_interface/EthPriceOracle/caller

up to date, audited 1049 packages in 2s

107 packages are looking for funding
  run `npm fund` for details

31 vulnerabilities (1 low, 23 moderate, 2 high, 5 critical)

To address issues that do not require attention, run:
  npm audit fix

To address all issues (including breaking changes), run:
  npm audit fix --force

Run `npm audit` for details.
Compiling contracts in ./02_advanced_solidity/03_building_an_oracle_part_01/06_callback/EthPriceOracle/oracle

up to date, audited 1049 packages in 2s

107 packages are looking for funding
  run `npm fund` for details

31 vulnerabilities (1 low, 23 moderate, 2 high, 5 critical)

To address issues that do not require attention, run:
  npm audit fix

To address all issues (including breaking changes), run:
  npm audit fix --force

Run `npm audit` for details.
Compiling contracts in ./02_advanced_solidity/03_building_an_oracle_part_01/06_callback/EthPriceOracle/caller

up to date, audited 1053 packages in 2s

108 packages are looking for funding
  run `npm fund` for details

31 vulnerabilities (1 low, 23 moderate, 2 high, 5 critical)

To address issues that do not require attention, run:
  npm audit fix

To address all issues (including breaking changes), run:
  npm audit fix --force

Run `npm audit` for details.
Compiling contracts in ./02_advanced_solidity/03_building_an_oracle_part_01/04_modifier/EthPriceOracle/oracle

up to date, audited 1049 packages in 2s

107 packages are looking for funding
  run `npm fund` for details

31 vulnerabilities (1 low, 23 moderate, 2 high, 5 critical)

To address issues that do not require attention, run:
  npm audit fix

To address all issues (including breaking changes), run:
  npm audit fix --force

Run `npm audit` for details.
Compiling contracts in ./02_advanced_solidity/03_building_an_oracle_part_01/04_modifier/EthPriceOracle/caller

up to date, audited 1049 packages in 2s

107 packages are looking for funding
  run `npm fund` for details

31 vulnerabilities (1 low, 23 moderate, 2 high, 5 critical)

To address issues that do not require attention, run:
  npm audit fix

To address all issues (including breaking changes), run:
  npm audit fix --force

Run `npm audit` for details.
Compiling contracts in ./02_advanced_solidity/03_building_an_oracle_part_01/01_setting_up_structure/EthPriceOracle/oracle

up to date, audited 1049 packages in 2s

107 packages are looking for funding
  run `npm fund` for details

31 vulnerabilities (1 low, 23 moderate, 2 high, 5 critical)

To address issues that do not require attention, run:
  npm audit fix

To address all issues (including breaking changes), run:
  npm audit fix --force

Run `npm audit` for details.
Compiling contracts in ./02_advanced_solidity/03_building_an_oracle_part_01/01_setting_up_structure/EthPriceOracle/caller

up to date, audited 1049 packages in 2s

107 packages are looking for funding
  run `npm fund` for details

31 vulnerabilities (1 low, 23 moderate, 2 high, 5 critical)

To address issues that do not require attention, run:
  npm audit fix

To address all issues (including breaking changes), run:
  npm audit fix --force

Run `npm audit` for details.
Compiling contracts in ./02_advanced_solidity/03_building_an_oracle_part_01/09_function_def_get_price/EthPriceOracle/oracle

up to date, audited 1053 packages in 2s

108 packages are looking for funding
  run `npm fund` for details

31 vulnerabilities (1 low, 23 moderate, 2 high, 5 critical)

To address issues that do not require attention, run:
  npm audit fix

To address all issues (including breaking changes), run:
  npm audit fix --force

Run `npm audit` for details.
Compiling contracts in ./02_advanced_solidity/03_building_an_oracle_part_01/09_function_def_get_price/EthPriceOracle/caller

up to date, audited 1053 packages in 2s

108 packages are looking for funding
  run `npm fund` for details

31 vulnerabilities (1 low, 23 moderate, 2 high, 5 critical)

To address issues that do not require attention, run:
  npm audit fix

To address all issues (including breaking changes), run:
  npm audit fix --force

Run `npm audit` for details.
Compiling contracts in ./02_advanced_solidity/03_building_an_oracle_part_01/02_calling_other_contract/EthPriceOracle/oracle

up to date, audited 1049 packages in 2s

107 packages are looking for funding
  run `npm fund` for details

31 vulnerabilities (1 low, 23 moderate, 2 high, 5 critical)

To address issues that do not require attention, run:
  npm audit fix

To address all issues (including breaking changes), run:
  npm audit fix --force

Run `npm audit` for details.
Compiling contracts in ./02_advanced_solidity/03_building_an_oracle_part_01/02_calling_other_contract/EthPriceOracle/caller

up to date, audited 1049 packages in 2s

107 packages are looking for funding
  run `npm fund` for details

31 vulnerabilities (1 low, 23 moderate, 2 high, 5 critical)

To address issues that do not require attention, run:
  npm audit fix

To address all issues (including breaking changes), run:
  npm audit fix --force

Run `npm audit` for details.
Compiling contracts in ./02_advanced_solidity/03_building_an_oracle_part_01/08_function_def_get_price/EthPriceOracle/oracle

up to date, audited 1053 packages in 2s

108 packages are looking for funding
  run `npm fund` for details

31 vulnerabilities (1 low, 23 moderate, 2 high, 5 critical)

To address issues that do not require attention, run:
  npm audit fix

To address all issues (including breaking changes), run:
  npm audit fix --force

Run `npm audit` for details.
Compiling contracts in ./02_advanced_solidity/03_building_an_oracle_part_01/08_function_def_get_price/EthPriceOracle/caller

up to date, audited 1053 packages in 2s

108 packages are looking for funding
  run `npm fund` for details

31 vulnerabilities (1 low, 23 moderate, 2 high, 5 critical)

To address issues that do not require attention, run:
  npm audit fix

To address all issues (including breaking changes), run:
  npm audit fix --force

Run `npm audit` for details.
Compiling contracts in ./02_advanced_solidity/03_building_an_oracle_part_01/07_modifier_securing_callback/EthPriceOracle/oracle

up to date, audited 1053 packages in 2s

108 packages are looking for funding
  run `npm fund` for details

31 vulnerabilities (1 low, 23 moderate, 2 high, 5 critical)

To address issues that do not require attention, run:
  npm audit fix

To address all issues (including breaking changes), run:
  npm audit fix --force

Run `npm audit` for details.
Compiling contracts in ./02_advanced_solidity/03_building_an_oracle_part_01/07_modifier_securing_callback/EthPriceOracle/caller

up to date, audited 1053 packages in 2s

108 packages are looking for funding
  run `npm fund` for details

31 vulnerabilities (1 low, 23 moderate, 2 high, 5 critical)

To address issues that do not require attention, run:
  npm audit fix

To address all issues (including breaking changes), run:
  npm audit fix --force

Run `npm audit` for details.
Compiling contracts in ./02_advanced_solidity/03_building_an_oracle_part_01/11_function_def_set_latest_price/EthPriceOracle/oracle

up to date, audited 1053 packages in 2s

108 packages are looking for funding
  run `npm fund` for details

31 vulnerabilities (1 low, 23 moderate, 2 high, 5 critical)

To address issues that do not require attention, run:
  npm audit fix

To address all issues (including breaking changes), run:
  npm audit fix --force

Run `npm audit` for details.
Compiling contracts in ./02_advanced_solidity/03_building_an_oracle_part_01/11_function_def_set_latest_price/EthPriceOracle/caller

up to date, audited 1053 packages in 2s

108 packages are looking for funding
  run `npm fund` for details

31 vulnerabilities (1 low, 23 moderate, 2 high, 5 critical)

To address issues that do not require attention, run:
  npm audit fix

To address all issues (including breaking changes), run:
  npm audit fix --force

Run `npm audit` for details.
Compiling contracts in ./02_advanced_solidity/03_building_an_oracle_part_01/05_mapping/EthPriceOracle/oracle

up to date, audited 1049 packages in 2s

107 packages are looking for funding
  run `npm fund` for details

31 vulnerabilities (1 low, 23 moderate, 2 high, 5 critical)

To address issues that do not require attention, run:
  npm audit fix

To address all issues (including breaking changes), run:
  npm audit fix --force

Run `npm audit` for details.
Compiling contracts in ./02_advanced_solidity/03_building_an_oracle_part_01/05_mapping/EthPriceOracle/caller

up to date, audited 1053 packages in 2s

108 packages are looking for funding
  run `npm fund` for details

31 vulnerabilities (1 low, 23 moderate, 2 high, 5 critical)

To address issues that do not require attention, run:
  npm audit fix

To address all issues (including breaking changes), run:
  npm audit fix --force

Run `npm audit` for details.
